payment-page-flutter-flutter-integration-demo/build/app/intermediates/manifest_merge_blame_file/debug/manifest-merger-blame-debug-report.txt
1<?xml version="1.0" encoding="utf-8"?>
2<manifest xmlns:android="http://schemas.android.com/apk/res/android"
3    package="com.example.doc_app"
4    android:versionCode="1"
5    android:versionName="1.0.0" >
6
7    <uses-sdk
8        android:minSdkVersion="19"
9        android:targetSdkVersion="30" />
10    <!--
11         Flutter needs it to communicate with the running application
12         to allow setting breakpoints, to provide hot reload, etc.
13    -->
14    <uses-permission android:name="android.permission.INTERNET" />
14-->src/debug/AndroidManifest.xml:6:5-66
14-->src/debug/AndroidManifest.xml:6:22-64
15    <uses-permission android:name="android.permission.ACCESS_NETWORK_STATE" />
15-->[in.juspay:hypersdk:2.1.10] AndroidManifest.xml:12:5-79
15-->[in.juspay:hypersdk:2.1.10] AndroidManifest.xml:12:22-76
16    <uses-permission android:name="android.permission.READ_PHONE_STATE" />
16-->[in.juspay:hypersdk:2.1.10] AndroidManifest.xml:13:5-75
16-->[in.juspay:hypersdk:2.1.10] AndroidManifest.xml:13:22-72
17
18    <queries>
18-->[in.juspay:hypersdk:2.1.10] AndroidManifest.xml:15:5-57:15
19        <intent>
19-->[in.juspay:hypersdk:2.1.10] AndroidManifest.xml:16:9-21:18
20            <data
20-->[in.juspay:hypersdk:2.1.10] AndroidManifest.xml:17:13-20:40
21                android:host="pay"
21-->[in.juspay:hypersdk:2.1.10] AndroidManifest.xml:18:17-35
22                android:pathPattern=".*"
22-->[in.juspay:hypersdk:2.1.10] AndroidManifest.xml:19:17-41
23                android:scheme="upi" />
23-->[in.juspay:hypersdk:2.1.10] AndroidManifest.xml:20:17-37
24        </intent>
25        <intent>
25-->[in.juspay:hypersdk:2.1.10] AndroidManifest.xml:22:9-24:18
26            <action android:name="android.support.customtabs.action.CustomTabsService" />
26-->[in.juspay:hypersdk:2.1.10] AndroidManifest.xml:23:13-90
26-->[in.juspay:hypersdk:2.1.10] AndroidManifest.xml:23:21-87
27        </intent>
28        <intent>
28-->[in.juspay:hypersdk:2.1.10] AndroidManifest.xml:25:9-30:18
29            <data
29-->[in.juspay:hypersdk:2.1.10] AndroidManifest.xml:17:13-20:40
30                android:host="mandate"
30-->[in.juspay:hypersdk:2.1.10] AndroidManifest.xml:18:17-35
31                android:pathPattern=".*"
31-->[in.juspay:hypersdk:2.1.10] AndroidManifest.xml:19:17-41
32                android:scheme="upi" />
32-->[in.juspay:hypersdk:2.1.10] AndroidManifest.xml:20:17-37
33        </intent>
34        <intent>
34-->[in.juspay:hypersdk:2.1.10] AndroidManifest.xml:31:9-35:18
35            <data
35-->[in.juspay:hypersdk:2.1.10] AndroidManifest.xml:17:13-20:40
36                android:pathPattern=".*"
36-->[in.juspay:hypersdk:2.1.10] AndroidManifest.xml:19:17-41
37                android:scheme="upi" />
37-->[in.juspay:hypersdk:2.1.10] AndroidManifest.xml:20:17-37
38        </intent>
39        <intent>
39-->[in.juspay:hypersdk:2.1.10] AndroidManifest.xml:36:9-41:18
40            <data
40-->[in.juspay:hypersdk:2.1.10] AndroidManifest.xml:17:13-20:40
41                android:host="pay"
41-->[in.juspay:hypersdk:2.1.10] AndroidManifest.xml:18:17-35
42                android:pathPattern=".*"
42-->[in.juspay:hypersdk:2.1.10] AndroidManifest.xml:19:17-41
43                android:scheme="juspay" />
43-->[in.juspay:hypersdk:2.1.10] AndroidManifest.xml:20:17-37
44        </intent>
45        <intent>
45-->[in.juspay:hypersdk:2.1.10] AndroidManifest.xml:42:9-47:18
46            <data
46-->[in.juspay:hypersdk:2.1.10] AndroidManifest.xml:17:13-20:40
47                android:host="checkout"
47-->[in.juspay:hypersdk:2.1.10] AndroidManifest.xml:18:17-35
48                android:pathPattern=".*"
48-->[in.juspay:hypersdk:2.1.10] AndroidManifest.xml:19:17-41
49                android:scheme="credpay" />
49-->[in.juspay:hypersdk:2.1.10] AndroidManifest.xml:20:17-37
50        </intent>
51
52        <package android:name="com.tatadigital.tcp.dev" />
52-->[in.juspay:hypersdk:2.1.10] AndroidManifest.xml:49:9-59
52-->[in.juspay:hypersdk:2.1.10] AndroidManifest.xml:49:18-56
53        <package android:name="com.tatadigital.tcp" />
53-->[in.juspay:hypersdk:2.1.10] AndroidManifest.xml:50:9-55
53-->[in.juspay:hypersdk:2.1.10] AndroidManifest.xml:50:18-52
54
55        <intent>
55-->[in.juspay:hypersdk:2.1.10] AndroidManifest.xml:52:9-56:18
56            <action android:name="android.intent.action.VIEW" />
56-->[in.juspay:hypersdk:2.1.10] AndroidManifest.xml:53:13-65
56-->[in.juspay:hypersdk:2.1.10] AndroidManifest.xml:53:21-62
57
58            <data android:mimeType="application/uri" />
58-->[in.juspay:hypersdk:2.1.10] AndroidManifest.xml:17:13-20:40
59        </intent>
60    </queries>
61
62    <uses-permission android:name="android.permission.VIBRATE" />
62-->[in.juspay:visa-sensory-branding:1.0.1] AndroidManifest.xml:11:5-66
62-->[in.juspay:visa-sensory-branding:1.0.1] AndroidManifest.xml:11:22-63
63
64    <application
64-->src/main/AndroidManifest.xml:3:4-40:19
65        android:allowBackup="true"
65-->[in.juspay:visa-sensory-branding:1.0.1] AndroidManifest.xml:14:9-35
66        android:appComponentFactory="androidx.core.app.CoreComponentFactory"
66-->[androidx.core:core:1.6.0] AndroidManifest.xml:24:18-86
67        android:debuggable="true"
68        android:hardwareAccelerated="true"
68-->[in.juspay:hypersdk:2.1.10] AndroidManifest.xml:59:18-52
69        android:icon="@mipmap/ic_launcher"
69-->src/main/AndroidManifest.xml:5:9-43
70        android:label="doc_app"
70-->src/main/AndroidManifest.xml:4:9-32
71        android:supportsRtl="true" >
71-->[in.juspay:visa-sensory-branding:1.0.1] AndroidManifest.xml:15:9-35
72        <activity
72-->src/main/AndroidManifest.xml:6:9-34:20
73            android:name="com.example.doc_app.MainActivity"
73-->src/main/AndroidManifest.xml:7:13-41
74            android:configChanges="orientation|keyboardHidden|keyboard|screenSize|smallestScreenSize|locale|layoutDirection|fontScale|screenLayout|density|uiMode"
74-->src/main/AndroidManifest.xml:10:13-163
75            android:hardwareAccelerated="true"
75-->src/main/AndroidManifest.xml:11:13-47
76            android:launchMode="singleTop"
76-->src/main/AndroidManifest.xml:8:13-43
77            android:theme="@style/LaunchTheme"
77-->src/main/AndroidManifest.xml:9:13-47
78            android:windowSoftInputMode="adjustResize" >
78-->src/main/AndroidManifest.xml:12:13-55
79
80            <!--
81                 Specifies an Android theme to apply to this Activity as soon as
82                 the Android process has started. This theme is visible to the user
83                 while the Flutter UI initializes. After that, this theme continues
84                 to determine the Window background behind the Flutter UI.
85            -->
86            <meta-data
86-->src/main/AndroidManifest.xml:17:13-20:17
87                android:name="io.flutter.embedding.android.NormalTheme"
87-->src/main/AndroidManifest.xml:18:15-70
88                android:resource="@style/NormalTheme" />
88-->src/main/AndroidManifest.xml:19:15-52
89            <!--
90                 Displays an Android View that continues showing the launch screen
91                 Drawable until Flutter paints its first frame, then this splash
92                 screen fades out. A splash screen is useful to avoid any visual
93                 gap between the end of Android's launch screen and the painting of
94                 Flutter's first frame.
95            -->
96            <meta-data
96-->src/main/AndroidManifest.xml:26:13-29:17
97                android:name="io.flutter.embedding.android.SplashScreenDrawable"
97-->src/main/AndroidManifest.xml:27:15-79
98                android:resource="@drawable/launch_background" />
98-->src/main/AndroidManifest.xml:28:15-61
99
100            <intent-filter>
100-->src/main/AndroidManifest.xml:30:13-33:29
101                <action android:name="android.intent.action.MAIN" />
101-->src/main/AndroidManifest.xml:31:17-68
101-->src/main/AndroidManifest.xml:31:25-66
102
103                <category android:name="android.intent.category.LAUNCHER" />
103-->src/main/AndroidManifest.xml:32:17-76
103-->src/main/AndroidManifest.xml:32:27-74
104            </intent-filter>
105        </activity>
106        <!--
107             Don't delete the meta-data below.
108             This is used by the Flutter tool to generate GeneratedPluginRegistrant.java
109        -->
110        <meta-data
110-->src/main/AndroidManifest.xml:37:9-39:33
111            android:name="flutterEmbedding"
111-->src/main/AndroidManifest.xml:38:13-44
112            android:value="2" />
112-->src/main/AndroidManifest.xml:39:13-30
113
114        <uses-library
114-->[androidx.window:window:1.0.0-beta04] AndroidManifest.xml:25:9-27:40
115            android:name="androidx.window.extensions"
115-->[androidx.window:window:1.0.0-beta04] AndroidManifest.xml:26:13-54
116            android:required="false" />
116-->[androidx.window:window:1.0.0-beta04] AndroidManifest.xml:27:13-37
117        <uses-library
117-->[androidx.window:window:1.0.0-beta04] AndroidManifest.xml:28:9-30:40
118            android:name="androidx.window.sidecar"
118-->[androidx.window:window:1.0.0-beta04] AndroidManifest.xml:29:13-51
119            android:required="false" />
119-->[androidx.window:window:1.0.0-beta04] AndroidManifest.xml:30:13-37
120
121        <activity
121-->[in.juspay:hypersdk:2.1.10] AndroidManifest.xml:60:9-62:40
122            android:name="in.juspay.hypersdk.core.CompletionActivity"
122-->[in.juspay:hypersdk:2.1.10] AndroidManifest.xml:61:13-70
123            android:exported="false" />
123-->[in.juspay:hypersdk:2.1.10] AndroidManifest.xml:62:13-37
124        <activity
124-->[in.juspay:hypersdk:2.1.10] AndroidManifest.xml:63:9-66:47
125            android:name="in.juspay.hypersdk.core.CustomtabActivity"
125-->[in.juspay:hypersdk:2.1.10] AndroidManifest.xml:64:13-69
126            android:exported="false"
126-->[in.juspay:hypersdk:2.1.10] AndroidManifest.xml:65:13-37
127            android:launchMode="singleTask" />
127-->[in.juspay:hypersdk:2.1.10] AndroidManifest.xml:66:13-44
128        <activity
128-->[in.juspay:hypersdk:2.1.10] AndroidManifest.xml:67:9-81:20
129            android:name="in.juspay.hypersdk.core.CustomtabResult"
129-->[in.juspay:hypersdk:2.1.10] AndroidManifest.xml:68:13-67
130            android:exported="true"
130-->[in.juspay:hypersdk:2.1.10] AndroidManifest.xml:69:13-36
131            android:launchMode="singleTask" >
131-->[in.juspay:hypersdk:2.1.10] AndroidManifest.xml:70:13-44
132            <intent-filter>
132-->[in.juspay:hypersdk:2.1.10] AndroidManifest.xml:71:13-80:29
133                <action android:name="android.intent.action.VIEW" />
133-->[in.juspay:hypersdk:2.1.10] AndroidManifest.xml:53:13-65
133-->[in.juspay:hypersdk:2.1.10] AndroidManifest.xml:53:21-62
134
135                <category android:name="android.intent.category.DEFAULT" />
135-->[in.juspay:hypersdk:2.1.10] AndroidManifest.xml:74:17-76
135-->[in.juspay:hypersdk:2.1.10] AndroidManifest.xml:74:27-73
136                <category android:name="android.intent.category.BROWSABLE" />
136-->[in.juspay:hypersdk:2.1.10] AndroidManifest.xml:75:17-78
136-->[in.juspay:hypersdk:2.1.10] AndroidManifest.xml:75:27-75
137
138                <data
138-->[in.juspay:hypersdk:2.1.10] AndroidManifest.xml:17:13-20:40
139                    android:host="com.example.doc_app"
139-->[in.juspay:hypersdk:2.1.10] AndroidManifest.xml:18:17-35
140                    android:scheme="juspay" />
140-->[in.juspay:hypersdk:2.1.10] AndroidManifest.xml:20:17-37
141            </intent-filter>
142        </activity>
143        <activity
143-->[com.google.android.gms:play-services-base:17.1.0] AndroidManifest.xml:23:9-26:75
144            android:name="com.google.android.gms.common.api.GoogleApiActivity"
144-->[com.google.android.gms:play-services-base:17.1.0] AndroidManifest.xml:24:13-79
145            android:exported="false"
145-->[com.google.android.gms:play-services-base:17.1.0] AndroidManifest.xml:25:13-37
146            android:theme="@android:style/Theme.Translucent.NoTitleBar" />
146-->[com.google.android.gms:play-services-base:17.1.0] AndroidManifest.xml:26:13-72
147
148        <meta-data
148-->[com.google.android.gms:play-services-basement:17.1.0] AndroidManifest.xml:23:9-25:69
149            android:name="com.google.android.gms.version"
149-->[com.google.android.gms:play-services-basement:17.1.0] AndroidManifest.xml:24:13-58
150            android:value="@integer/google_play_services_version" />
150-->[com.google.android.gms:play-services-basement:17.1.0] AndroidManifest.xml:25:13-66
151    </application>
152
153</manifest>